{
  "RSpec": {
    "coverage": {
      "/Users/ibrahimchowdhury-makers/Documents/bookmark_manager/spec/bookmarks_spec.rb": {
        "lines": [
          null,
          null,
          1,
          null,
          1,
          1,
          1,
          null,
          null
        ]
      },
      "/Users/ibrahimchowdhury-makers/Documents/bookmark_manager/lib/bookmarks.rb": {
        "lines": [
          null,
          null,
          1,
          null
        ]
      },
      "/Users/ibrahimchowdhury-makers/Documents/bookmark_manager/spec/features/feature_spec.rb": {
        "lines": [
          null,
          null,
          1,
          1,
          1,
          1,
          null,
          null,
          1,
          1,
          1,
          null,
          null
        ]
      }
    },
    "timestamp": 1638804945
  }
}
